Obtaining file:///data_old/NMR/HetRelax/t1tune_main
  Installing build dependencies: started
  Installing build dependencies: finished with status 'done'
  Checking if build backend supports build_editable: started
  Checking if build backend supports build_editable: finished with status 'done'
  Getting requirements to build editable: started
  Getting requirements to build editable: finished with status 'done'
  Preparing editable metadata (pyproject.toml): started
  Preparing editable metadata (pyproject.toml): finished with status 'done'
Requirement already satisfied: klassez>=0.1.0 in /data/home/ravera/miniconda3/lib/python3.13/site-packages (from t1t2ne==0.0.2.dev1) (0.1.0)
Requirement already satisfied: numpy in /data/home/ravera/miniconda3/lib/python3.13/site-packages (from t1t2ne==0.0.2.dev1) (2.4.3)
Requirement already satisfied: scipy in /data/home/ravera/miniconda3/lib/python3.13/site-packages (from t1t2ne==0.0.2.dev1) (1.17.1)
Requirement already satisfied: lmfit in /data/home/ravera/miniconda3/lib/python3.13/site-packages (from t1t2ne==0.0.2.dev1) (1.3.4)
Requirement already satisfied: numdifftools in /data/home/ravera/miniconda3/lib/python3.13/site-packages (from t1t2ne==0.0.2.dev1) (0.9.42)
Requirement already satisfied: seaborn in /data/home/ravera/miniconda3/lib/python3.13/site-packages (from t1t2ne==0.0.2.dev1) (0.13.2)
Requirement already satisfied: nmrglue in /data/home/ravera/miniconda3/lib/python3.13/site-packages (from t1t2ne==0.0.2.dev1) (0.11)
Requirement already satisfied: matplotlib>=3.8 in /data/home/ravera/miniconda3/lib/python3.13/site-packages (from t1t2ne==0.0.2.dev1) (3.10.8)
Requirement already satisfied: csaps in /data/home/ravera/miniconda3/lib/python3.13/site-packages (from t1t2ne==0.0.2.dev1) (1.3.3)
Requirement already satisfied: contourpy>=1.0.1 in /data/home/ravera/miniconda3/lib/python3.13/site-packages (from matplotlib>=3.8->t1t2ne==0.0.2.dev1) (1.3.3)
Requirement already satisfied: cycler>=0.10 in /data/home/ravera/miniconda3/lib/python3.13/site-packages (from matplotlib>=3.8->t1t2ne==0.0.2.dev1) (0.12.1)
Requirement already satisfied: fonttools>=4.22.0 in /data/home/ravera/miniconda3/lib/python3.13/site-packages (from matplotlib>=3.8->t1t2ne==0.0.2.dev1) (4.62.1)
Requirement already satisfied: kiwisolver>=1.3.1 in /data/home/ravera/miniconda3/lib/python3.13/site-packages (from matplotlib>=3.8->t1t2ne==0.0.2.dev1) (1.5.0)
Requirement already satisfied: packaging>=20.0 in /data/home/ravera/miniconda3/lib/python3.13/site-packages (from matplotlib>=3.8->t1t2ne==0.0.2.dev1) (26.0)
Requirement already satisfied: pillow>=8 in /data/home/ravera/miniconda3/lib/python3.13/site-packages (from matplotlib>=3.8->t1t2ne==0.0.2.dev1) (12.1.1)
Requirement already satisfied: pyparsing>=3 in /data/home/ravera/miniconda3/lib/python3.13/site-packages (from matplotlib>=3.8->t1t2ne==0.0.2.dev1) (3.3.2)
Requirement already satisfied: python-dateutil>=2.7 in /data/home/ravera/miniconda3/lib/python3.13/site-packages (from matplotlib>=3.8->t1t2ne==0.0.2.dev1) (2.9.0.post0)
Requirement already satisfied: typing-extensions in /data/home/ravera/miniconda3/lib/python3.13/site-packages (from csaps->t1t2ne==0.0.2.dev1) (4.15.0)
Requirement already satisfied: asteval>=1.0 in /data/home/ravera/miniconda3/lib/python3.13/site-packages (from lmfit->t1t2ne==0.0.2.dev1) (1.0.8)
Requirement already satisfied: uncertainties>=3.2.2 in /data/home/ravera/miniconda3/lib/python3.13/site-packages (from lmfit->t1t2ne==0.0.2.dev1) (3.2.3)
Requirement already satisfied: dill>=0.3.4 in /data/home/ravera/miniconda3/lib/python3.13/site-packages (from lmfit->t1t2ne==0.0.2.dev1) (0.4.1)
Requirement already satisfied: pandas>=1.2 in /data/home/ravera/miniconda3/lib/python3.13/site-packages (from seaborn->t1t2ne==0.0.2.dev1) (3.0.1)
Requirement already satisfied: six>=1.5 in /data/home/ravera/miniconda3/lib/python3.13/site-packages (from python-dateutil>=2.7->matplotlib>=3.8->t1t2ne==0.0.2.dev1) (1.17.0)
Building wheels for collected packages: t1t2ne
  Building editable for t1t2ne (pyproject.toml): started
  Building editable for t1t2ne (pyproject.toml): finished with status 'done'
  Created wheel for t1t2ne: filename=t1t2ne-0.0.2.dev1-0.editable-py3-none-any.whl size=4904 sha256=54dcae43a024907136ae7123f8aacb327dd0f86cce550fdd61f5add4f1fc7730
  Stored in directory: /tmp/pip-ephem-wheel-cache-5xhws6gx/wheels/d3/1e/ff/a777e55c3e1c9195e4f9cc4e4fd4c7aeaf78bbf42a81ea8d02
Successfully built t1t2ne
Installing collected packages: t1t2ne
  Attempting uninstall: t1t2ne
    Found existing installation: t1t2ne 0.0.2.dev1
    Uninstalling t1t2ne-0.0.2.dev1:
      Successfully uninstalled t1t2ne-0.0.2.dev1
Successfully installed t1t2ne-0.0.2.dev1
Removing everything under 'build'...
Running Sphinx v9.1.0
loading translations [en]... done
making output directory... done
[autosummary] generating autosummary for: __init__.rst, base.rst, create_registry.rst, docmodules.rst, f_ParaMeters_relax.rst, f_findfs.rst, f_fit.rst, fun_hetrelax_models.rst, hydrodynamics_utils.rst, index.rst, ..., t1t2ne_interactive.rst, t1t2ne_makelists.rst, t1t2ne_ns.rst, t1t2ne_setuptract.rst, t1t2ne_solventpre.rst, t1t2ne_tract.rst, t1t2ne_utils.rst, textcolor.rst, tract_extra.rst, useguide.rst
loading intersphinx inventory 'numpy' from https://numpy.org/doc/stable/objects.inv ...
building [mo]: targets for 0 po files that are out of date
writing output... 
building [html]: targets for 22 source files that are out of date
updating environment: [new config] 22 added, 0 changed, 0 removed
reading sources... [  5%] __init__
reading sources... [  9%] base
reading sources... [ 14%] create_registry
reading sources... [ 18%] docmodules
reading sources... [ 23%] f_ParaMeters_relax
reading sources... [ 27%] f_findfs
reading sources... [ 32%] f_fit
reading sources... [ 36%] fun_hetrelax_models
reading sources... [ 41%] hydrodynamics_utils
reading sources... [ 45%] index
reading sources... [ 50%] installation
reading sources... [ 55%] t1t2ne_configure
reading sources... [ 59%] t1t2ne_interactive
reading sources... [ 64%] t1t2ne_makelists
reading sources... [ 68%] t1t2ne_ns
reading sources... [ 73%] t1t2ne_setuptract
reading sources... [ 77%] t1t2ne_solventpre
reading sources... [ 82%] t1t2ne_tract
reading sources... [ 86%] t1t2ne_utils
reading sources... [ 91%] textcolor
reading sources... [ 95%] tract_extra
reading sources... [100%] useguide

looking for now-outdated files... none found
pickling environment... done
checking consistency... done
preparing documents... done
copying assets... 
copying static files... 
Writing evaluated template result to /data_old/NMR/HetRelax/t1tune_main/docs/build/html/_static/basic.css
Writing evaluated template result to /data_old/NMR/HetRelax/t1tune_main/docs/build/html/_static/documentation_options.js
Writing evaluated template result to /data_old/NMR/HetRelax/t1tune_main/docs/build/html/_static/language_data.js
Writing evaluated template result to /data_old/NMR/HetRelax/t1tune_main/docs/build/html/_static/js/versions.js
copying static files: done
copying extra files... 
copying extra files: done
copying assets: done
writing output... [  5%] __init__
writing output... [  9%] base
writing output... [ 14%] create_registry
writing output... [ 18%] docmodules
writing output... [ 23%] f_ParaMeters_relax
writing output... [ 27%] f_findfs
writing output... [ 32%] f_fit
writing output... [ 36%] fun_hetrelax_models
writing output... [ 41%] hydrodynamics_utils
writing output... [ 45%] index
writing output... [ 50%] installation
writing output... [ 55%] t1t2ne_configure
writing output... [ 59%] t1t2ne_interactive
writing output... [ 64%] t1t2ne_makelists
writing output... [ 68%] t1t2ne_ns
writing output... [ 73%] t1t2ne_setuptract
writing output... [ 77%] t1t2ne_solventpre
writing output... [ 82%] t1t2ne_tract
writing output... [ 86%] t1t2ne_utils
writing output... [ 91%] textcolor
writing output... [ 95%] tract_extra
writing output... [100%] useguide

generating indices... genindex py-modindex done
highlighting module code... [  6%] t1t2ne.scripts.base
highlighting module code... [ 12%] t1t2ne.scripts.f_ParaMeters_relax
highlighting module code... [ 19%] t1t2ne.scripts.f_findfs
highlighting module code... [ 25%] t1t2ne.scripts.f_fit
highlighting module code... [ 31%] t1t2ne.scripts.fun_hetrelax_models
highlighting module code... [ 38%] t1t2ne.scripts.hydrodynamics_utils
highlighting module code... [ 44%] t1t2ne.scripts.t1t2ne_configure
highlighting module code... [ 50%] t1t2ne.scripts.t1t2ne_interactive
highlighting module code... [ 56%] t1t2ne.scripts.t1t2ne_makelists
highlighting module code... [ 62%] t1t2ne.scripts.t1t2ne_ns
highlighting module code... [ 69%] t1t2ne.scripts.t1t2ne_setuptract
highlighting module code... [ 75%] t1t2ne.scripts.t1t2ne_solventpre
highlighting module code... [ 81%] t1t2ne.scripts.t1t2ne_tract
highlighting module code... [ 88%] t1t2ne.scripts.t1t2ne_utils
highlighting module code... [ 94%] t1t2ne.scripts.textcolor
highlighting module code... [100%] t1t2ne.scripts.tract_extra

writing additional pages... search done
copying images... [ 50%] _static/tract_ubiquitin.png
copying images... [100%] _static/tract_synuclein.png

dumping search index in English (code: en)... done
dumping object inventory... done
build succeeded, 21 warnings.

The HTML pages are in build/html.
Running Sphinx v9.1.0
loading translations [en]... done
making output directory... done
loading pickled environment... The configuration has changed (2 options: 'html_permalinks_icon', 'jquery_use_sri')
done
[autosummary] generating autosummary for: __init__.rst, base.rst, create_registry.rst, docmodules.rst, f_ParaMeters_relax.rst, f_findfs.rst, f_fit.rst, fun_hetrelax_models.rst, hydrodynamics_utils.rst, index.rst, ..., t1t2ne_interactive.rst, t1t2ne_makelists.rst, t1t2ne_ns.rst, t1t2ne_setuptract.rst, t1t2ne_solventpre.rst, t1t2ne_tract.rst, t1t2ne_utils.rst, textcolor.rst, tract_extra.rst, useguide.rst
building [mo]: targets for 0 po files that are out of date
writing output... 
building [latex]: all documents
updating environment: 0 added, 0 changed, 0 removed
reading sources... 
looking for now-outdated files... none found
preparing documents... done
copying assets... 
copying TeX support files... Writing evaluated template result to /data_old/NMR/HetRelax/t1tune_main/docs/build/latex/Makefile
Writing evaluated template result to /data_old/NMR/HetRelax/t1tune_main/docs/build/latex/latexmkjarc
Writing evaluated template result to /data_old/NMR/HetRelax/t1tune_main/docs/build/latex/latexmkrc
Writing evaluated template result to /data_old/NMR/HetRelax/t1tune_main/docs/build/latex/make.bat
done
copying assets: done
processing t1t2ne.tex... 
index
 installation
 useguide
 docmodules
  t1t2ne_configure
  t1t2ne_makelists
  t1t2ne_interactive
  t1t2ne_ns
  t1t2ne_setuptract
  t1t2ne_tract
  t1t2ne_solventpre
  t1t2ne_utils
  f_fit
  fun_hetrelax_models
  f_ParaMeters_relax
  hydrodynamics_utils
  f_findfs
  tract_extra

resolving references...
processing t1t2ne.tex: done
writing... done
copying images... [ 50%] _static/tract_ubiquitin.png
copying images... [100%] _static/tract_synuclein.png

Writing evaluated template result to /data_old/NMR/HetRelax/t1tune_main/docs/build/latex/sphinxmessages.sty
build succeeded.

The LaTeX files are in build/latex.
Run 'make' in that directory to run these through (pdf)latex
(use `make latexpdf' here to do that automatically).
make[1]: Entering directory '/data_old/NMR/HetRelax/t1tune_main/docs/build/latex'
latexmk -pdf -dvi- -ps-  't1t2ne.tex'
Latexmk: applying rule 'pdflatex'...
This is pdfTeX, Version 3.14159265-2.6-1.40.21 (TeX Live 2020/Debian) (preloaded format=pdflatex)
 restricted \write18 enabled.
entering extended mode
(./t1t2ne.tex
LaTeX2e <2020-10-01> patch level 4
L3 programming layer <2021-01-09> xparse <2020-03-03> (./sphinxmanual.cls
Document Class: sphinxmanual 2019/12/01 v2.3.0 Document class (Sphinx manual)
(/usr/share/texlive/texmf-dist/tex/latex/base/report.cls
Document Class: report 2020/04/10 v1.4m Standard LaTeX document class
(/usr/share/texlive/texmf-dist/tex/latex/base/size11.clo)))
(/usr/share/texlive/texmf-dist/tex/latex/base/inputenc.sty)
(/usr/share/texlive/texmf-dist/tex/latex/cmap/cmap.sty)
(/usr/share/texlive/texmf-dist/tex/latex/base/fontenc.sty<<t1.cmap>>)
(/usr/share/texlive/texmf-dist/tex/latex/amsmath/amsmath.sty
For additional information on amsmath, use the `?' option.
(/usr/share/texlive/texmf-dist/tex/latex/amsmath/amstext.sty
(/usr/share/texlive/texmf-dist/tex/latex/amsmath/amsgen.sty))
(/usr/share/texlive/texmf-dist/tex/latex/amsmath/amsbsy.sty)
(/usr/share/texlive/texmf-dist/tex/latex/amsmath/amsopn.sty))
(/usr/share/texlive/texmf-dist/tex/latex/amsfonts/amssymb.sty
(/usr/share/texlive/texmf-dist/tex/latex/amsfonts/amsfonts.sty))
(/usr/share/texlive/texmf-dist/tex/generic/babel/babel.sty
(/usr/share/texlive/texmf-dist/tex/generic/babel/babel.def
(/usr/share/texlive/texmf-dist/tex/generic/babel/txtbabel.def))
(/usr/share/texlive/texmf-dist/tex/generic/babel-english/english.ldf))
(/usr/share/texmf/tex/latex/tex-gyre/tgtermes.sty
(/usr/share/texlive/texmf-dist/tex/latex/kvoptions/kvoptions.sty
(/usr/share/texlive/texmf-dist/tex/latex/graphics/keyval.sty)
(/usr/share/texlive/texmf-dist/tex/generic/ltxcmds/ltxcmds.sty)
(/usr/share/texlive/texmf-dist/tex/generic/kvsetkeys/kvsetkeys.sty)))
(/usr/share/texmf/tex/latex/tex-gyre/tgheros.sty)
(/usr/share/texlive/texmf-dist/tex/latex/fncychap/fncychap.sty) (./sphinx.sty
(/usr/share/texlive/texmf-dist/tex/latex/xcolor/xcolor.sty
(/usr/share/texlive/texmf-dist/tex/latex/graphics-cfg/color.cfg)
(/usr/share/texlive/texmf-dist/tex/latex/graphics-def/pdftex.def))
(./sphinxoptionshyperref.sty) (./sphinxoptionsgeometry.sty)
(/usr/share/texlive/texmf-dist/tex/latex/base/textcomp.sty)
(/usr/share/texlive/texmf-dist/tex/latex/float/float.sty)
(/usr/share/texlive/texmf-dist/tex/latex/wrapfig/wrapfig.sty)
(/usr/share/texlive/texmf-dist/tex/latex/capt-of/capt-of.sty)
(/usr/share/texlive/texmf-dist/tex/latex/tools/multicol.sty)
(/usr/share/texlive/texmf-dist/tex/latex/graphics/graphicx.sty
(/usr/share/texlive/texmf-dist/tex/latex/graphics/graphics.sty
(/usr/share/texlive/texmf-dist/tex/latex/graphics/trig.sty)
(/usr/share/texlive/texmf-dist/tex/latex/graphics-cfg/graphics.cfg)))
(./sphinxlatexgraphics.sty) (./sphinxpackageboxes.sty
(/usr/share/texlive/texmf-dist/tex/latex/pict2e/pict2e.sty
(/usr/share/texlive/texmf-dist/tex/latex/pict2e/pict2e.cfg)
(/usr/share/texlive/texmf-dist/tex/latex/pict2e/p2e-pdftex.def))
(/usr/share/texlive/texmf-dist/tex/latex/ellipse/ellipse.sty))
(./sphinxlatexadmonitions.sty
(/usr/share/texlive/texmf-dist/tex/latex/framed/framed.sty)
(/usr/share/texlive/texmf-dist/tex/latex/needspace/needspace.sty)
(./sphinxpackagefootnote.sty)) (./sphinxlatexliterals.sty
(/usr/share/texlive/texmf-dist/tex/latex/fancyvrb/fancyvrb.sty)
(/usr/share/texlive/texmf-dist/tex/latex/base/alltt.sty)
(/usr/share/texlive/texmf-dist/tex/latex/upquote/upquote.sty))
(./sphinxlatexshadowbox.sty) (./sphinxlatexcontainers.sty)
(./sphinxhighlight.sty) (./sphinxlatextables.sty
(/usr/share/texlive/texmf-dist/tex/latex/tabulary/tabulary.sty
(/usr/share/texlive/texmf-dist/tex/latex/tools/array.sty))
(/usr/share/texlive/texmf-dist/tex/latex/tools/longtable.sty)
(/usr/share/texlive/texmf-dist/tex/latex/varwidth/varwidth.sty)
(/usr/share/texlive/texmf-dist/tex/latex/colortbl/colortbl.sty)
(/usr/share/texlive/texmf-dist/tex/latex/booktabs/booktabs.sty))
(./sphinxlatexnumfig.sty) (./sphinxlatexlists.sty) (./sphinxlatexindbibtoc.sty
(/usr/share/texlive/texmf-dist/tex/latex/base/makeidx.sty))
(./sphinxlatexstylepage.sty
(/usr/share/texlive/texmf-dist/tex/latex/parskip/parskip.sty
(/usr/share/texlive/texmf-dist/tex/latex/etoolbox/etoolbox.sty))
(/usr/share/texlive/texmf-dist/tex/latex/fancyhdr/fancyhdr.sty))
(./sphinxlatexstyleheadings.sty
(/usr/share/texlive/texmf-dist/tex/latex/titlesec/titlesec.sty))
(./sphinxlatexstyletext.sty) (./sphinxlatexobjects.sty))
(/usr/share/texlive/texmf-dist/tex/latex/geometry/geometry.sty
(/usr/share/texlive/texmf-dist/tex/generic/iftex/ifvtex.sty
(/usr/share/texlive/texmf-dist/tex/generic/iftex/iftex.sty)))
(/usr/share/texlive/texmf-dist/tex/latex/hyperref/hyperref.sty
(/usr/share/texlive/texmf-dist/tex/generic/pdftexcmds/pdftexcmds.sty
(/usr/share/texlive/texmf-dist/tex/generic/infwarerr/infwarerr.sty))
(/usr/share/texlive/texmf-dist/tex/generic/kvdefinekeys/kvdefinekeys.sty)
(/usr/share/texlive/texmf-dist/tex/generic/pdfescape/pdfescape.sty)
(/usr/share/texlive/texmf-dist/tex/latex/hycolor/hycolor.sty)
(/usr/share/texlive/texmf-dist/tex/latex/letltxmacro/letltxmacro.sty)
(/usr/share/texlive/texmf-dist/tex/latex/auxhook/auxhook.sty)
(/usr/share/texlive/texmf-dist/tex/latex/hyperref/pd1enc.def)
(/usr/share/texlive/texmf-dist/tex/generic/intcalc/intcalc.sty)
(/usr/share/texlive/texmf-dist/tex/generic/etexcmds/etexcmds.sty)
(/usr/share/texlive/texmf-dist/tex/latex/hyperref/puenc.def)
(/usr/share/texlive/texmf-dist/tex/latex/url/url.sty)
(/usr/share/texlive/texmf-dist/tex/generic/bitset/bitset.sty
(/usr/share/texlive/texmf-dist/tex/generic/bigintcalc/bigintcalc.sty))
(/usr/share/texlive/texmf-dist/tex/latex/base/atbegshi-ltx.sty))
(/usr/share/texlive/texmf-dist/tex/latex/hyperref/hpdftex.def
(/usr/share/texlive/texmf-dist/tex/latex/base/atveryend-ltx.sty)
(/usr/share/texlive/texmf-dist/tex/latex/rerunfilecheck/rerunfilecheck.sty
(/usr/share/texlive/texmf-dist/tex/generic/uniquecounter/uniquecounter.sty)))
(/usr/share/texlive/texmf-dist/tex/latex/oberdiek/hypcap.sty)
(./sphinxmessages.sty)
Writing index file t1t2ne.idx
(/usr/share/texmf/tex/latex/tex-gyre/t1qtm.fd)
(/usr/share/texlive/texmf-dist/tex/latex/l3backend/l3backend-pdftex.def)
(./t1t2ne.aux)
(/usr/share/texlive/texmf-dist/tex/context/base/mkii/supp-pdf.mkii
[Loading MPS to PDF converter (version 2006.09.02).]
) (/usr/share/texlive/texmf-dist/tex/latex/epstopdf-pkg/epstopdf-base.sty
(/usr/share/texlive/texmf-dist/tex/latex/latexconfig/epstopdf-sys.cfg))
(/usr/share/texlive/texmf-dist/tex/latex/fontawesome5/fontawesome5.sty
(/usr/share/texlive/texmf-dist/tex/latex/l3kernel/expl3.sty)
(/usr/share/texlive/texmf-dist/tex/latex/l3packages/l3keys2e/l3keys2e.sty)
(/usr/share/texlive/texmf-dist/tex/latex/l3packages/xparse/xparse.sty
(/usr/share/texlive/texmf-dist/tex/latex/l3packages/xparse/xparse-generic.tex))

(/usr/share/texlive/texmf-dist/tex/latex/fontawesome5/fontawesome5-generic-help
er.sty
(/usr/share/texlive/texmf-dist/tex/latex/fontawesome5/fontawesome5-mapping.def)
))
*geometry* driver: auto-detecting
*geometry* detected driver: pdftex
(/usr/share/texlive/texmf-dist/tex/latex/hyperref/nameref.sty
(/usr/share/texlive/texmf-dist/tex/latex/refcount/refcount.sty)
(/usr/share/texlive/texmf-dist/tex/generic/gettitlestring/gettitlestring.sty))
(/usr/share/texlive/texmf-dist/tex/latex/txfonts/t1txtt.fd)
(/usr/share/texmf/tex/latex/tex-gyre/t1qhv.fd)<<ot1.cmap>><<oml.cmap>><<oms.cma
p>><<omx.cmap>> (/usr/share/texlive/texmf-dist/tex/latex/amsfonts/umsa.fd)
(/usr/share/texlive/texmf-dist/tex/latex/amsfonts/umsb.fd) [1{/var/lib/texmf/fo
nts/map/pdftex/updmap/pdftex.map} <./t1t2ne_logo.png>] [2] [1] [2]
Chapter 1.
[1] [2]
Chapter 2.
(/usr/share/texmf/tex/latex/tex-gyre/ts1qtm.fd)
(/usr/share/texlive/texmf-dist/tex/latex/fontawesome5/ufontawesomefree1.fd)
[3] [4] [5] [6 <./tract_ubiquitin.png> <./tract_synuclein.png>]
! Undefined control sequence.
<argument> ...}{D_{target} + D_{cosolute}} \breqn 
                                                  z = \sqrt {2 |\omega | \ta...
l.352 ...ac{z^5}{81} + \frac{z^6}{648}}\end{split}
                                                  
? ! Interruption.
<to be read again> 
                   z
l.352 ...ac{z^5}{81} + \frac{z^6}{648}}\end{split}
                                                  
? Type <return> to proceed, S to scroll future error messages,
R to run without stopping, Q to run quietly,
I to insert something, E to edit your file,
H for help, X to quit.
? 
! Emergency stop.
<to be read again> 
                   z
l.352 ...ac{z^5}{81} + \frac{z^6}{648}}\end{split}
                                                  
!  ==> Fatal error occurred, no output PDF file produced!
Transcript written on t1t2ne.log.
Latexmk: Examining 't1t2ne.log'
=== TeX engine is 'pdfTeX'
Latexmk: Errors, so I did not complete making targets
